mode: set
github.com/go-filesystems/uefi/authwrite.go:77.45,87.2 2 1
github.com/go-filesystems/uefi/authwrite.go:102.35,114.2 11 1
github.com/go-filesystems/uefi/authwrite.go:117.46,118.26 1 1
github.com/go-filesystems/uefi/authwrite.go:118.26,120.3 1 0
github.com/go-filesystems/uefi/authwrite.go:121.2,131.8 1 1
github.com/go-filesystems/uefi/authwrite.go:150.90,154.23 3 1
github.com/go-filesystems/uefi/authwrite.go:154.23,156.3 1 1
github.com/go-filesystems/uefi/authwrite.go:157.2,164.20 8 1
github.com/go-filesystems/uefi/authwrite.go:178.129,179.45 1 1
github.com/go-filesystems/uefi/authwrite.go:179.45,181.3 1 1
github.com/go-filesystems/uefi/authwrite.go:182.2,182.54 1 1
github.com/go-filesystems/uefi/authwrite.go:182.54,184.3 1 1
github.com/go-filesystems/uefi/authwrite.go:186.2,188.16 3 1
github.com/go-filesystems/uefi/authwrite.go:188.16,190.3 1 0
github.com/go-filesystems/uefi/authwrite.go:193.2,204.17 11 1
github.com/go-filesystems/uefi/authwrite.go:221.62,223.70 2 1
github.com/go-filesystems/uefi/authwrite.go:223.70,225.3 1 1
github.com/go-filesystems/uefi/authwrite.go:226.2,227.16 2 1
github.com/go-filesystems/uefi/authwrite.go:227.16,229.3 1 0
github.com/go-filesystems/uefi/authwrite.go:230.2,236.34 6 1
github.com/go-filesystems/uefi/authwrite.go:236.34,238.3 1 1
github.com/go-filesystems/uefi/authwrite.go:239.2,239.37 1 1
github.com/go-filesystems/uefi/authwrite.go:239.37,241.3 1 0
github.com/go-filesystems/uefi/authwrite.go:242.2,242.94 1 1
github.com/go-filesystems/uefi/authwrite.go:242.94,244.3 1 0
github.com/go-filesystems/uefi/authwrite.go:245.2,247.15 3 1
github.com/go-filesystems/uefi/authwrite.go:264.142,265.16 1 1
github.com/go-filesystems/uefi/authwrite.go:265.16,267.3 1 0
github.com/go-filesystems/uefi/authwrite.go:268.2,271.16 3 1
github.com/go-filesystems/uefi/authwrite.go:271.16,273.3 1 0
github.com/go-filesystems/uefi/authwrite.go:274.2,283.17 4 1
github.com/go-filesystems/uefi/authwrite.go:283.17,285.3 1 0
github.com/go-filesystems/uefi/authwrite.go:286.2,286.12 1 1
github.com/go-filesystems/uefi/authwrite.go:346.75,352.16 5 1
github.com/go-filesystems/uefi/authwrite.go:352.16,354.3 1 0
github.com/go-filesystems/uefi/authwrite.go:356.2,381.16 4 1
github.com/go-filesystems/uefi/authwrite.go:381.16,383.3 1 0
github.com/go-filesystems/uefi/authwrite.go:389.2,399.16 3 1
github.com/go-filesystems/uefi/authwrite.go:399.16,401.3 1 0
github.com/go-filesystems/uefi/authwrite.go:402.2,402.17 1 1
github.com/go-filesystems/uefi/filesystem.go:36.55,38.16 2 1
github.com/go-filesystems/uefi/filesystem.go:38.16,40.3 1 1
github.com/go-filesystems/uefi/filesystem.go:41.2,43.17 3 1
github.com/go-filesystems/uefi/filesystem.go:48.74,55.2 1 1
github.com/go-filesystems/uefi/filesystem.go:58.47,60.2 1 1
github.com/go-filesystems/uefi/filesystem.go:64.69,65.31 1 1
github.com/go-filesystems/uefi/filesystem.go:65.31,67.3 1 1
github.com/go-filesystems/uefi/filesystem.go:68.2,70.25 3 1
github.com/go-filesystems/uefi/filesystem.go:70.25,72.3 1 1
github.com/go-filesystems/uefi/filesystem.go:73.2,73.21 1 1
github.com/go-filesystems/uefi/filesystem.go:77.60,79.16 2 1
github.com/go-filesystems/uefi/filesystem.go:79.16,81.3 1 1
github.com/go-filesystems/uefi/filesystem.go:82.2,82.63 1 1
github.com/go-filesystems/uefi/filesystem.go:86.52,88.2 1 1
github.com/go-filesystems/uefi/filesystem.go:91.54,93.2 1 1
github.com/go-filesystems/uefi/filesystem.go:96.43,98.2 1 1
github.com/go-filesystems/uefi/filesystem.go:104.55,106.16 2 1
github.com/go-filesystems/uefi/filesystem.go:106.16,108.3 1 1
github.com/go-filesystems/uefi/filesystem.go:109.2,110.33 2 1
github.com/go-filesystems/uefi/filesystem.go:110.33,112.3 1 1
github.com/go-filesystems/uefi/filesystem.go:115.2,116.12 2 1
github.com/go-filesystems/uefi/format.go:28.58,29.42 1 1
github.com/go-filesystems/uefi/format.go:29.42,31.3 1 1
github.com/go-filesystems/uefi/format.go:33.2,35.55 2 1
github.com/go-filesystems/uefi/format.go:35.55,37.3 1 1
github.com/go-filesystems/uefi/format.go:39.2,39.19 1 1
github.com/go-filesystems/uefi/format.go:88.81,90.27 2 1
github.com/go-filesystems/uefi/format.go:90.27,93.3 1 1
github.com/go-filesystems/uefi/format.go:94.2,94.25 1 1
github.com/go-filesystems/uefi/format.go:94.25,96.3 1 0
github.com/go-filesystems/uefi/format.go:98.2,100.55 2 1
github.com/go-filesystems/uefi/format.go:100.55,102.3 1 0
github.com/go-filesystems/uefi/format.go:104.2,104.19 1 1
github.com/go-filesystems/uefi/format.go:110.45,114.46 2 1
github.com/go-filesystems/uefi/format.go:114.46,116.3 1 1
github.com/go-filesystems/uefi/format.go:125.2,130.12 5 1
github.com/go-filesystems/uefi/format.go:159.68,165.16 4 1
github.com/go-filesystems/uefi/format.go:166.19,173.37 4 1
github.com/go-filesystems/uefi/format.go:173.37,175.4 1 1
github.com/go-filesystems/uefi/format.go:175.9,178.4 2 0
github.com/go-filesystems/uefi/format.go:179.10,183.37 4 1
github.com/go-filesystems/uefi/format.go:183.37,185.4 1 1
github.com/go-filesystems/uefi/format.go:185.9,188.4 2 0
github.com/go-filesystems/uefi/format.go:192.2,194.40 3 1
github.com/go-filesystems/uefi/format.go:194.40,196.3 1 1
github.com/go-filesystems/uefi/format.go:200.2,221.39 12 1
github.com/go-filesystems/uefi/format.go:221.39,223.3 1 1
github.com/go-filesystems/uefi/format.go:224.2,232.12 6 1
github.com/go-filesystems/uefi/secureboot.go:56.67,67.2 10 1
github.com/go-filesystems/uefi/secureboot.go:84.75,94.4 2 1
github.com/go-filesystems/uefi/secureboot.go:94.4,95.64 1 1
github.com/go-filesystems/uefi/secureboot.go:95.64,97.4 1 1
github.com/go-filesystems/uefi/secureboot.go:99.2,99.12 1 1
github.com/go-filesystems/uefi/secureboot.go:103.81,110.17 2 1
github.com/go-filesystems/uefi/secureboot.go:110.17,112.3 1 1
github.com/go-filesystems/uefi/secureboot.go:113.2,113.12 1 1
github.com/go-filesystems/uefi/uefi.go:159.39,161.16 2 1
github.com/go-filesystems/uefi/uefi.go:161.16,163.3 1 1
github.com/go-filesystems/uefi/uefi.go:164.2,166.17 3 1
github.com/go-filesystems/uefi/uefi.go:166.17,168.3 1 1
github.com/go-filesystems/uefi/uefi.go:169.2,169.49 1 1
github.com/go-filesystems/uefi/uefi.go:169.49,171.3 1 1
github.com/go-filesystems/uefi/uefi.go:173.2,175.13 3 1
github.com/go-filesystems/uefi/uefi.go:176.36,177.20 1 1
github.com/go-filesystems/uefi/uefi.go:178.23,179.21 1 1
github.com/go-filesystems/uefi/uefi.go:180.10,181.75 1 1
github.com/go-filesystems/uefi/uefi.go:183.2,183.43 1 1
github.com/go-filesystems/uefi/uefi.go:183.43,185.3 1 1
github.com/go-filesystems/uefi/uefi.go:186.2,186.41 1 1
github.com/go-filesystems/uefi/uefi.go:186.41,188.3 1 1
github.com/go-filesystems/uefi/uefi.go:189.2,192.16 3 1
github.com/go-filesystems/uefi/uefi.go:192.16,194.3 1 0
github.com/go-filesystems/uefi/uefi.go:195.2,196.15 2 1
github.com/go-filesystems/uefi/uefi.go:202.37,203.30 1 1
github.com/go-filesystems/uefi/uefi.go:203.30,205.3 1 1
github.com/go-filesystems/uefi/uefi.go:206.2,208.37 3 1
github.com/go-filesystems/uefi/uefi.go:208.37,210.3 1 1
github.com/go-filesystems/uefi/uefi.go:211.2,211.63 1 1
github.com/go-filesystems/uefi/uefi.go:215.31,217.2 1 1
github.com/go-filesystems/uefi/uefi.go:220.35,224.2 3 1
github.com/go-filesystems/uefi/uefi.go:227.63,228.27 1 1
github.com/go-filesystems/uefi/uefi.go:228.27,229.39 1 1
github.com/go-filesystems/uefi/uefi.go:229.39,231.4 1 1
github.com/go-filesystems/uefi/uefi.go:233.2,233.68 1 1
github.com/go-filesystems/uefi/uefi.go:237.39,239.34 2 1
github.com/go-filesystems/uefi/uefi.go:239.34,240.57 1 1
github.com/go-filesystems/uefi/uefi.go:240.57,241.12 1 1
github.com/go-filesystems/uefi/uefi.go:243.3,243.38 1 1
github.com/go-filesystems/uefi/uefi.go:245.2,246.25 2 1
github.com/go-filesystems/uefi/uefi.go:250.54,253.34 3 1
github.com/go-filesystems/uefi/uefi.go:253.34,254.53 1 1
github.com/go-filesystems/uefi/uefi.go:254.53,256.12 2 1
github.com/go-filesystems/uefi/uefi.go:258.3,258.38 1 1
github.com/go-filesystems/uefi/uefi.go:260.2,260.12 1 1
github.com/go-filesystems/uefi/uefi.go:260.12,262.3 1 1
github.com/go-filesystems/uefi/uefi.go:263.2,263.25 1 1
github.com/go-filesystems/uefi/uefi.go:272.46,274.16 2 1
github.com/go-filesystems/uefi/uefi.go:274.16,276.3 1 1
github.com/go-filesystems/uefi/uefi.go:277.2,277.49 1 1
github.com/go-filesystems/uefi/uefi.go:277.49,279.3 1 1
github.com/go-filesystems/uefi/uefi.go:280.2,282.16 3 1
github.com/go-filesystems/uefi/uefi.go:282.16,284.3 1 1
github.com/go-filesystems/uefi/uefi.go:285.2,286.41 2 1
github.com/go-filesystems/uefi/uefi.go:293.90,295.57 2 1
github.com/go-filesystems/uefi/uefi.go:295.57,297.3 1 1
github.com/go-filesystems/uefi/uefi.go:298.2,303.20 4 1
github.com/go-filesystems/uefi/uefi.go:303.20,305.3 1 0
github.com/go-filesystems/uefi/uefi.go:306.2,306.40 1 1
github.com/go-filesystems/uefi/uefi.go:306.40,308.3 1 1
github.com/go-filesystems/uefi/uefi.go:309.2,310.17 2 1
github.com/go-filesystems/uefi/uefi.go:319.97,321.29 2 1
github.com/go-filesystems/uefi/uefi.go:321.29,323.3 1 1
github.com/go-filesystems/uefi/uefi.go:324.2,338.19 4 1
github.com/go-filesystems/uefi/uefi.go:338.19,339.38 1 1
github.com/go-filesystems/uefi/uefi.go:339.38,340.9 1 0
github.com/go-filesystems/uefi/uefi.go:342.3,343.17 2 1
github.com/go-filesystems/uefi/uefi.go:343.17,344.9 1 1
github.com/go-filesystems/uefi/uefi.go:351.3,351.32 1 1
github.com/go-filesystems/uefi/uefi.go:351.32,352.9 1 0
github.com/go-filesystems/uefi/uefi.go:354.3,354.15 1 1
github.com/go-filesystems/uefi/uefi.go:354.15,356.4 1 1
github.com/go-filesystems/uefi/uefi.go:357.3,357.13 1 1
github.com/go-filesystems/uefi/uefi.go:359.2,359.18 1 1
github.com/go-filesystems/uefi/uefi.go:383.95,384.80 1 1
github.com/go-filesystems/uefi/uefi.go:384.80,386.3 1 1
github.com/go-filesystems/uefi/uefi.go:394.2,394.66 1 1
github.com/go-filesystems/uefi/uefi.go:394.66,396.3 1 1
github.com/go-filesystems/uefi/uefi.go:397.2,404.14 6 1
github.com/go-filesystems/uefi/uefi.go:404.14,406.24 2 1
github.com/go-filesystems/uefi/uefi.go:406.24,408.4 1 1
github.com/go-filesystems/uefi/uefi.go:409.3,411.37 3 1
github.com/go-filesystems/uefi/uefi.go:412.8,414.24 2 1
github.com/go-filesystems/uefi/uefi.go:414.24,416.4 1 1
github.com/go-filesystems/uefi/uefi.go:417.3,419.37 3 1
github.com/go-filesystems/uefi/uefi.go:437.2,445.84 5 1
github.com/go-filesystems/uefi/uefi.go:445.84,447.3 1 1
github.com/go-filesystems/uefi/uefi.go:448.2,448.84 1 1
github.com/go-filesystems/uefi/uefi.go:448.84,450.3 1 1
github.com/go-filesystems/uefi/uefi.go:451.2,451.25 1 1
github.com/go-filesystems/uefi/uefi.go:451.25,453.3 1 1
github.com/go-filesystems/uefi/uefi.go:454.2,458.23 4 1
github.com/go-filesystems/uefi/uefi.go:458.23,460.3 1 1
github.com/go-filesystems/uefi/uefi.go:461.2,462.16 2 1
github.com/go-filesystems/uefi/uefi.go:462.16,464.3 1 1
github.com/go-filesystems/uefi/uefi.go:468.2,469.16 2 1
github.com/go-filesystems/uefi/uefi.go:469.16,471.3 1 0
github.com/go-filesystems/uefi/uefi.go:472.2,473.99 2 1
github.com/go-filesystems/uefi/uefi.go:477.59,479.25 2 1
github.com/go-filesystems/uefi/uefi.go:479.25,481.3 1 1
github.com/go-filesystems/uefi/uefi.go:482.2,482.12 1 1
github.com/go-filesystems/uefi/uefi.go:503.55,509.14 5 1
github.com/go-filesystems/uefi/uefi.go:509.14,520.3 8 1
github.com/go-filesystems/uefi/uefi.go:520.8,529.3 8 1
github.com/go-filesystems/uefi/uefi.go:533.2,540.12 7 1
github.com/go-filesystems/uefi/uefi.go:544.31,546.2 1 1
github.com/go-filesystems/uefi/uefi.go:549.32,552.2 2 1
github.com/go-filesystems/uefi/uefi.go:555.46,556.19 1 1
github.com/go-filesystems/uefi/uefi.go:556.19,558.3 1 1
github.com/go-filesystems/uefi/uefi.go:559.2,560.21 2 1
github.com/go-filesystems/uefi/uefi.go:560.21,562.3 1 1
github.com/go-filesystems/uefi/uefi.go:563.2,563.42 1 1
github.com/go-filesystems/uefi/uefi.go:563.42,565.3 1 1
github.com/go-filesystems/uefi/uefi.go:566.2,566.39 1 1
github.com/go-filesystems/uefi/uefi.go:570.37,574.24 4 1
github.com/go-filesystems/uefi/uefi.go:574.24,576.3 1 1
github.com/go-filesystems/uefi/uefi.go:577.2,577.10 1 1
