mode: set
github.com/go-filesystems/uefi/authwrite.go:77.45,87.2 2 1
github.com/go-filesystems/uefi/authwrite.go:102.35,114.2 11 1
github.com/go-filesystems/uefi/authwrite.go:117.46,118.26 1 1
github.com/go-filesystems/uefi/authwrite.go:118.26,120.3 1 0
github.com/go-filesystems/uefi/authwrite.go:121.2,131.8 1 1
github.com/go-filesystems/uefi/authwrite.go:150.90,154.23 3 1
github.com/go-filesystems/uefi/authwrite.go:154.23,156.3 1 1
github.com/go-filesystems/uefi/authwrite.go:157.2,164.20 8 1
github.com/go-filesystems/uefi/authwrite.go:178.129,179.45 1 1
github.com/go-filesystems/uefi/authwrite.go:179.45,181.3 1 1
github.com/go-filesystems/uefi/authwrite.go:182.2,182.54 1 1
github.com/go-filesystems/uefi/authwrite.go:182.54,184.3 1 1
github.com/go-filesystems/uefi/authwrite.go:186.2,188.16 3 1
github.com/go-filesystems/uefi/authwrite.go:188.16,190.3 1 0
github.com/go-filesystems/uefi/authwrite.go:193.2,204.17 11 1
github.com/go-filesystems/uefi/authwrite.go:221.62,223.70 2 1
github.com/go-filesystems/uefi/authwrite.go:223.70,225.3 1 1
github.com/go-filesystems/uefi/authwrite.go:226.2,227.16 2 1
github.com/go-filesystems/uefi/authwrite.go:227.16,229.3 1 0
github.com/go-filesystems/uefi/authwrite.go:230.2,236.34 6 1
github.com/go-filesystems/uefi/authwrite.go:236.34,238.3 1 1
github.com/go-filesystems/uefi/authwrite.go:239.2,239.37 1 1
github.com/go-filesystems/uefi/authwrite.go:239.37,241.3 1 0
github.com/go-filesystems/uefi/authwrite.go:242.2,242.94 1 1
github.com/go-filesystems/uefi/authwrite.go:242.94,244.3 1 0
github.com/go-filesystems/uefi/authwrite.go:245.2,247.15 3 1
github.com/go-filesystems/uefi/authwrite.go:264.142,265.16 1 1
github.com/go-filesystems/uefi/authwrite.go:265.16,267.3 1 0
github.com/go-filesystems/uefi/authwrite.go:268.2,271.16 3 1
github.com/go-filesystems/uefi/authwrite.go:271.16,273.3 1 0
github.com/go-filesystems/uefi/authwrite.go:274.2,283.17 4 1
github.com/go-filesystems/uefi/authwrite.go:283.17,285.3 1 0
github.com/go-filesystems/uefi/authwrite.go:286.2,286.12 1 1
github.com/go-filesystems/uefi/authwrite.go:346.75,352.16 5 1
github.com/go-filesystems/uefi/authwrite.go:352.16,354.3 1 0
github.com/go-filesystems/uefi/authwrite.go:356.2,381.16 4 1
github.com/go-filesystems/uefi/authwrite.go:381.16,383.3 1 0
github.com/go-filesystems/uefi/authwrite.go:389.2,399.16 3 1
github.com/go-filesystems/uefi/authwrite.go:399.16,401.3 1 0
github.com/go-filesystems/uefi/authwrite.go:402.2,402.17 1 1
github.com/go-filesystems/uefi/bootvars.go:53.53,54.33 1 1
github.com/go-filesystems/uefi/bootvars.go:54.33,56.3 1 1
github.com/go-filesystems/uefi/bootvars.go:58.2,58.57 1 1
github.com/go-filesystems/uefi/bootvars.go:58.57,60.3 1 1
github.com/go-filesystems/uefi/bootvars.go:61.2,70.44 6 1
github.com/go-filesystems/uefi/bootvars.go:70.44,71.38 1 1
github.com/go-filesystems/uefi/bootvars.go:71.38,73.4 1 0
github.com/go-filesystems/uefi/bootvars.go:74.3,74.37 1 1
github.com/go-filesystems/uefi/bootvars.go:74.37,76.9 2 1
github.com/go-filesystems/uefi/bootvars.go:79.2,79.17 1 1
github.com/go-filesystems/uefi/bootvars.go:79.17,81.3 1 1
github.com/go-filesystems/uefi/bootvars.go:84.2,85.16 2 1
github.com/go-filesystems/uefi/bootvars.go:85.16,87.3 1 0
github.com/go-filesystems/uefi/bootvars.go:90.2,91.67 2 1
github.com/go-filesystems/uefi/bootvars.go:91.67,93.3 1 1
github.com/go-filesystems/uefi/bootvars.go:94.2,96.15 3 1
github.com/go-filesystems/uefi/bootvars.go:96.15,98.17 2 1
github.com/go-filesystems/uefi/bootvars.go:98.17,100.4 1 1
github.com/go-filesystems/uefi/bootvars.go:104.2,113.8 4 1
github.com/go-filesystems/uefi/bootvars.go:119.49,121.16 2 1
github.com/go-filesystems/uefi/bootvars.go:121.16,123.3 1 1
github.com/go-filesystems/uefi/bootvars.go:128.2,128.29 1 1
github.com/go-filesystems/uefi/bootvars.go:128.29,130.3 1 1
github.com/go-filesystems/uefi/bootvars.go:131.2,131.27 1 1
github.com/go-filesystems/uefi/bootvars.go:131.27,133.3 1 0
github.com/go-filesystems/uefi/bootvars.go:134.2,144.17 10 1
github.com/go-filesystems/uefi/bootvars.go:148.37,150.2 1 1
github.com/go-filesystems/uefi/bootvars.go:161.65,163.16 2 1
github.com/go-filesystems/uefi/bootvars.go:163.16,165.3 1 1
github.com/go-filesystems/uefi/bootvars.go:166.2,166.21 1 1
github.com/go-filesystems/uefi/bootvars.go:170.69,177.2 1 1
github.com/go-filesystems/uefi/bootvars.go:181.55,183.9 2 1
github.com/go-filesystems/uefi/bootvars.go:183.9,185.3 1 1
github.com/go-filesystems/uefi/bootvars.go:186.2,186.22 1 1
github.com/go-filesystems/uefi/bootvars.go:186.22,188.3 1 1
github.com/go-filesystems/uefi/bootvars.go:189.2,190.21 2 1
github.com/go-filesystems/uefi/bootvars.go:190.21,192.3 1 1
github.com/go-filesystems/uefi/bootvars.go:193.2,193.17 1 1
github.com/go-filesystems/uefi/bootvars.go:197.62,199.26 2 1
github.com/go-filesystems/uefi/bootvars.go:199.26,201.3 1 1
github.com/go-filesystems/uefi/bootvars.go:202.2,202.44 1 1
github.com/go-filesystems/uefi/bootvars.go:206.32,208.2 1 1
github.com/go-filesystems/uefi/bootvars.go:211.68,213.16 2 1
github.com/go-filesystems/uefi/bootvars.go:213.16,215.3 1 1
github.com/go-filesystems/uefi/bootvars.go:216.2,217.16 2 1
github.com/go-filesystems/uefi/bootvars.go:217.16,219.3 1 1
github.com/go-filesystems/uefi/bootvars.go:220.2,220.16 1 1
github.com/go-filesystems/uefi/bootvars.go:224.72,226.16 2 1
github.com/go-filesystems/uefi/bootvars.go:226.16,228.3 1 1
github.com/go-filesystems/uefi/bootvars.go:229.2,229.44 1 1
github.com/go-filesystems/uefi/bootvars.go:234.59,235.73 1 1
github.com/go-filesystems/uefi/bootvars.go:235.73,237.3 1 1
github.com/go-filesystems/uefi/bootvars.go:238.2,238.12 1 1
github.com/go-filesystems/uefi/bootvars.go:243.72,245.9 2 1
github.com/go-filesystems/uefi/bootvars.go:245.9,247.3 1 0
github.com/go-filesystems/uefi/bootvars.go:248.2,248.51 1 1
github.com/go-filesystems/uefi/bootvars.go:248.51,250.3 1 1
github.com/go-filesystems/uefi/bootvars.go:251.2,252.16 2 1
github.com/go-filesystems/uefi/bootvars.go:252.16,254.3 1 1
github.com/go-filesystems/uefi/bootvars.go:255.2,256.51 2 1
github.com/go-filesystems/uefi/bootvars.go:256.51,258.3 1 1
github.com/go-filesystems/uefi/bootvars.go:259.2,259.15 1 1
github.com/go-filesystems/uefi/bootvars.go:265.60,267.33 2 1
github.com/go-filesystems/uefi/bootvars.go:267.33,268.38 1 1
github.com/go-filesystems/uefi/bootvars.go:268.38,269.12 1 1
github.com/go-filesystems/uefi/bootvars.go:271.3,271.41 1 1
github.com/go-filesystems/uefi/bootvars.go:271.41,273.4 1 1
github.com/go-filesystems/uefi/bootvars.go:275.2,275.38 1 1
github.com/go-filesystems/uefi/bootvars.go:275.38,276.42 1 1
github.com/go-filesystems/uefi/bootvars.go:276.42,278.4 1 1
github.com/go-filesystems/uefi/bootvars.go:280.2,280.17 1 0
github.com/go-filesystems/uefi/bootvars.go:286.48,287.42 1 1
github.com/go-filesystems/uefi/bootvars.go:287.42,289.3 1 1
github.com/go-filesystems/uefi/bootvars.go:290.2,291.29 2 1
github.com/go-filesystems/uefi/bootvars.go:291.29,293.10 2 1
github.com/go-filesystems/uefi/bootvars.go:294.29,295.23 1 1
github.com/go-filesystems/uefi/bootvars.go:296.29,297.26 1 1
github.com/go-filesystems/uefi/bootvars.go:298.11,299.19 1 1
github.com/go-filesystems/uefi/bootvars.go:301.3,301.15 1 1
github.com/go-filesystems/uefi/bootvars.go:303.2,303.16 1 1
github.com/go-filesystems/uefi/bootvars.go:308.58,310.9 2 1
github.com/go-filesystems/uefi/bootvars.go:310.9,312.3 1 1
github.com/go-filesystems/uefi/bootvars.go:313.2,313.20 1 1
github.com/go-filesystems/uefi/bootvars.go:313.20,315.3 1 1
github.com/go-filesystems/uefi/bootvars.go:316.2,316.52 1 1
github.com/go-filesystems/uefi/bootvars.go:320.55,324.2 3 1
github.com/go-filesystems/uefi/bootvars.go:328.47,329.48 1 1
github.com/go-filesystems/uefi/bootvars.go:329.48,331.3 1 1
github.com/go-filesystems/uefi/bootvars.go:332.2,332.72 1 1
github.com/go-filesystems/uefi/bootvars.go:332.72,334.3 1 1
github.com/go-filesystems/uefi/bootvars.go:335.2,335.12 1 1
github.com/go-filesystems/uefi/bootvars.go:340.55,342.9 2 1
github.com/go-filesystems/uefi/bootvars.go:342.9,344.3 1 1
github.com/go-filesystems/uefi/bootvars.go:345.2,345.20 1 1
github.com/go-filesystems/uefi/bootvars.go:345.20,347.3 1 1
github.com/go-filesystems/uefi/bootvars.go:348.2,348.46 1 1
github.com/go-filesystems/uefi/bootvars.go:353.58,357.2 3 1
github.com/go-filesystems/uefi/bootvars.go:361.57,363.9 2 1
github.com/go-filesystems/uefi/bootvars.go:363.9,365.3 1 1
github.com/go-filesystems/uefi/bootvars.go:366.2,366.20 1 1
github.com/go-filesystems/uefi/bootvars.go:366.20,368.3 1 1
github.com/go-filesystems/uefi/bootvars.go:369.2,369.52 1 1
github.com/go-filesystems/uefi/bootvars.go:373.60,377.2 3 1
github.com/go-filesystems/uefi/bootvars.go:384.85,386.33 2 1
github.com/go-filesystems/uefi/bootvars.go:386.33,387.38 1 1
github.com/go-filesystems/uefi/bootvars.go:387.38,388.12 1 1
github.com/go-filesystems/uefi/bootvars.go:390.3,391.10 2 1
github.com/go-filesystems/uefi/bootvars.go:391.10,392.12 1 1
github.com/go-filesystems/uefi/bootvars.go:394.3,395.17 2 1
github.com/go-filesystems/uefi/bootvars.go:395.17,396.12 1 1
github.com/go-filesystems/uefi/bootvars.go:398.3,398.18 1 1
github.com/go-filesystems/uefi/bootvars.go:401.2,402.16 2 1
github.com/go-filesystems/uefi/bootvars.go:402.16,404.3 1 1
github.com/go-filesystems/uefi/bootvars.go:405.2,407.26 3 1
github.com/go-filesystems/uefi/bootvars.go:407.26,408.30 1 1
github.com/go-filesystems/uefi/bootvars.go:408.30,409.31 1 1
github.com/go-filesystems/uefi/bootvars.go:409.31,412.5 2 1
github.com/go-filesystems/uefi/bootvars.go:416.2,416.38 1 1
github.com/go-filesystems/uefi/bootvars.go:416.38,418.31 2 1
github.com/go-filesystems/uefi/bootvars.go:418.31,419.12 1 1
github.com/go-filesystems/uefi/bootvars.go:421.3,421.29 1 1
github.com/go-filesystems/uefi/bootvars.go:421.29,422.12 1 1
github.com/go-filesystems/uefi/bootvars.go:424.3,425.23 2 1
github.com/go-filesystems/uefi/bootvars.go:427.2,427.30 1 1
github.com/go-filesystems/uefi/devicepath.go:78.38,80.2 1 1
github.com/go-filesystems/uefi/devicepath.go:83.38,85.2 1 1
github.com/go-filesystems/uefi/devicepath.go:93.58,94.33 1 1
github.com/go-filesystems/uefi/devicepath.go:94.33,96.3 1 1
github.com/go-filesystems/uefi/devicepath.go:97.2,103.6 4 1
github.com/go-filesystems/uefi/devicepath.go:103.6,104.38 1 1
github.com/go-filesystems/uefi/devicepath.go:104.38,106.4 1 0
github.com/go-filesystems/uefi/devicepath.go:107.3,107.76 1 1
github.com/go-filesystems/uefi/devicepath.go:107.76,109.4 1 1
github.com/go-filesystems/uefi/devicepath.go:110.3,113.34 4 1
github.com/go-filesystems/uefi/devicepath.go:113.34,115.4 1 1
github.com/go-filesystems/uefi/devicepath.go:116.3,116.66 1 1
github.com/go-filesystems/uefi/devicepath.go:116.66,118.4 1 1
github.com/go-filesystems/uefi/devicepath.go:119.3,124.19 6 1
github.com/go-filesystems/uefi/devicepath.go:124.19,126.4 1 1
github.com/go-filesystems/uefi/devicepath.go:127.3,127.30 1 1
github.com/go-filesystems/uefi/devicepath.go:135.64,137.26 2 1
github.com/go-filesystems/uefi/devicepath.go:137.26,138.16 1 1
github.com/go-filesystems/uefi/devicepath.go:138.16,140.4 1 1
github.com/go-filesystems/uefi/devicepath.go:141.3,142.23 2 1
github.com/go-filesystems/uefi/devicepath.go:142.23,144.4 1 1
github.com/go-filesystems/uefi/devicepath.go:145.3,150.31 6 1
github.com/go-filesystems/uefi/devicepath.go:153.2,155.17 3 1
github.com/go-filesystems/uefi/devicepath.go:160.47,166.2 1 1
github.com/go-filesystems/uefi/devicepath.go:170.51,171.68 1 1
github.com/go-filesystems/uefi/devicepath.go:171.68,173.3 1 1
github.com/go-filesystems/uefi/devicepath.go:174.2,175.16 2 1
github.com/go-filesystems/uefi/devicepath.go:175.16,177.3 1 1
github.com/go-filesystems/uefi/devicepath.go:178.2,178.16 1 1
github.com/go-filesystems/uefi/devicepath.go:201.47,210.2 8 1
github.com/go-filesystems/uefi/devicepath.go:214.59,215.66 1 1
github.com/go-filesystems/uefi/devicepath.go:215.66,217.3 1 1
github.com/go-filesystems/uefi/devicepath.go:218.2,218.22 1 1
github.com/go-filesystems/uefi/devicepath.go:218.22,220.3 1 1
github.com/go-filesystems/uefi/devicepath.go:221.2,228.17 8 1
github.com/go-filesystems/uefi/devicepath.go:233.34,239.2 4 1
github.com/go-filesystems/uefi/devicepath.go:249.52,251.26 2 1
github.com/go-filesystems/uefi/devicepath.go:251.26,253.3 1 1
github.com/go-filesystems/uefi/devicepath.go:254.2,254.33 1 1
github.com/go-filesystems/uefi/devicepath.go:258.39,259.16 1 1
github.com/go-filesystems/uefi/devicepath.go:260.27,261.55 1 1
github.com/go-filesystems/uefi/devicepath.go:261.55,264.4 1 1
github.com/go-filesystems/uefi/devicepath.go:265.23,266.58 1 1
github.com/go-filesystems/uefi/devicepath.go:266.58,270.25 3 1
github.com/go-filesystems/uefi/devicepath.go:270.25,272.5 1 1
github.com/go-filesystems/uefi/devicepath.go:273.4,273.51 1 1
github.com/go-filesystems/uefi/devicepath.go:275.28,276.20 1 1
github.com/go-filesystems/uefi/devicepath.go:277.25,278.42 1 1
github.com/go-filesystems/uefi/devicepath.go:279.26,280.43 1 1
github.com/go-filesystems/uefi/devicepath.go:281.26,282.43 1 1
github.com/go-filesystems/uefi/devicepath.go:284.3,284.66 1 1
github.com/go-filesystems/uefi/devicepath.go:285.24,286.20 1 1
github.com/go-filesystems/uefi/devicepath.go:287.26,288.35 1 1
github.com/go-filesystems/uefi/devicepath.go:288.35,290.5 1 1
github.com/go-filesystems/uefi/devicepath.go:291.28,292.33 1 1
github.com/go-filesystems/uefi/devicepath.go:292.33,294.5 1 1
github.com/go-filesystems/uefi/devicepath.go:295.29,296.44 1 1
github.com/go-filesystems/uefi/devicepath.go:297.72,298.25 1 1
github.com/go-filesystems/uefi/devicepath.go:298.25,302.5 3 1
github.com/go-filesystems/uefi/devicepath.go:305.2,305.79 1 1
github.com/go-filesystems/uefi/devicepath.go:309.39,311.32 2 1
github.com/go-filesystems/uefi/devicepath.go:311.32,313.3 1 1
github.com/go-filesystems/uefi/devicepath.go:314.2,315.26 2 1
github.com/go-filesystems/uefi/devicepath.go:316.21,317.31 1 1
github.com/go-filesystems/uefi/devicepath.go:318.20,319.76 1 1
github.com/go-filesystems/uefi/devicepath.go:320.10,321.12 1 1
github.com/go-filesystems/uefi/devicepath.go:323.2,324.69 1 1
github.com/go-filesystems/uefi/devicepath.go:329.32,330.17 1 1
github.com/go-filesystems/uefi/devicepath.go:330.17,332.3 1 1
github.com/go-filesystems/uefi/devicepath.go:333.2,335.22 3 1
github.com/go-filesystems/uefi/devicepath.go:335.22,338.3 2 1
github.com/go-filesystems/uefi/devicepath.go:339.2,339.20 1 1
github.com/go-filesystems/uefi/filesystem.go:36.55,38.16 2 1
github.com/go-filesystems/uefi/filesystem.go:38.16,40.3 1 1
github.com/go-filesystems/uefi/filesystem.go:41.2,43.17 3 1
github.com/go-filesystems/uefi/filesystem.go:48.74,55.2 1 1
github.com/go-filesystems/uefi/filesystem.go:58.47,60.2 1 1
github.com/go-filesystems/uefi/filesystem.go:64.69,65.31 1 1
github.com/go-filesystems/uefi/filesystem.go:65.31,67.3 1 1
github.com/go-filesystems/uefi/filesystem.go:68.2,70.25 3 1
github.com/go-filesystems/uefi/filesystem.go:70.25,72.3 1 1
github.com/go-filesystems/uefi/filesystem.go:73.2,73.21 1 1
github.com/go-filesystems/uefi/filesystem.go:77.60,79.16 2 1
github.com/go-filesystems/uefi/filesystem.go:79.16,81.3 1 1
github.com/go-filesystems/uefi/filesystem.go:82.2,82.63 1 1
github.com/go-filesystems/uefi/filesystem.go:86.52,88.2 1 1
github.com/go-filesystems/uefi/filesystem.go:91.54,93.2 1 1
github.com/go-filesystems/uefi/filesystem.go:96.43,98.2 1 1
github.com/go-filesystems/uefi/filesystem.go:104.55,106.16 2 1
github.com/go-filesystems/uefi/filesystem.go:106.16,108.3 1 1
github.com/go-filesystems/uefi/filesystem.go:109.2,110.33 2 1
github.com/go-filesystems/uefi/filesystem.go:110.33,112.3 1 1
github.com/go-filesystems/uefi/filesystem.go:115.2,116.12 2 1
github.com/go-filesystems/uefi/format.go:28.58,29.42 1 1
github.com/go-filesystems/uefi/format.go:29.42,31.3 1 1
github.com/go-filesystems/uefi/format.go:33.2,35.55 2 1
github.com/go-filesystems/uefi/format.go:35.55,37.3 1 1
github.com/go-filesystems/uefi/format.go:39.2,39.19 1 1
github.com/go-filesystems/uefi/format.go:88.81,90.27 2 1
github.com/go-filesystems/uefi/format.go:90.27,93.3 1 1
github.com/go-filesystems/uefi/format.go:94.2,94.25 1 1
github.com/go-filesystems/uefi/format.go:94.25,96.3 1 0
github.com/go-filesystems/uefi/format.go:98.2,100.55 2 1
github.com/go-filesystems/uefi/format.go:100.55,102.3 1 0
github.com/go-filesystems/uefi/format.go:104.2,104.19 1 1
github.com/go-filesystems/uefi/format.go:110.45,114.46 2 1
github.com/go-filesystems/uefi/format.go:114.46,116.3 1 1
github.com/go-filesystems/uefi/format.go:125.2,130.12 5 1
github.com/go-filesystems/uefi/format.go:159.68,165.16 4 1
github.com/go-filesystems/uefi/format.go:166.19,173.37 4 1
github.com/go-filesystems/uefi/format.go:173.37,175.4 1 1
github.com/go-filesystems/uefi/format.go:175.9,178.4 2 0
github.com/go-filesystems/uefi/format.go:179.10,183.37 4 1
github.com/go-filesystems/uefi/format.go:183.37,185.4 1 1
github.com/go-filesystems/uefi/format.go:185.9,188.4 2 0
github.com/go-filesystems/uefi/format.go:192.2,194.40 3 1
github.com/go-filesystems/uefi/format.go:194.40,196.3 1 1
github.com/go-filesystems/uefi/format.go:200.2,221.39 12 1
github.com/go-filesystems/uefi/format.go:221.39,223.3 1 1
github.com/go-filesystems/uefi/format.go:224.2,232.12 6 1
github.com/go-filesystems/uefi/secureboot.go:56.67,67.2 10 1
github.com/go-filesystems/uefi/secureboot.go:84.75,94.4 2 1
github.com/go-filesystems/uefi/secureboot.go:94.4,95.64 1 1
github.com/go-filesystems/uefi/secureboot.go:95.64,97.4 1 1
github.com/go-filesystems/uefi/secureboot.go:99.2,99.12 1 1
github.com/go-filesystems/uefi/secureboot.go:103.81,110.17 2 1
github.com/go-filesystems/uefi/secureboot.go:110.17,112.3 1 1
github.com/go-filesystems/uefi/secureboot.go:113.2,113.12 1 1
github.com/go-filesystems/uefi/uefi.go:159.39,161.16 2 1
github.com/go-filesystems/uefi/uefi.go:161.16,163.3 1 1
github.com/go-filesystems/uefi/uefi.go:164.2,166.17 3 1
github.com/go-filesystems/uefi/uefi.go:166.17,168.3 1 1
github.com/go-filesystems/uefi/uefi.go:169.2,169.49 1 1
github.com/go-filesystems/uefi/uefi.go:169.49,171.3 1 1
github.com/go-filesystems/uefi/uefi.go:173.2,175.13 3 1
github.com/go-filesystems/uefi/uefi.go:176.36,177.20 1 1
github.com/go-filesystems/uefi/uefi.go:178.23,179.21 1 1
github.com/go-filesystems/uefi/uefi.go:180.10,181.75 1 1
github.com/go-filesystems/uefi/uefi.go:183.2,183.43 1 1
github.com/go-filesystems/uefi/uefi.go:183.43,185.3 1 1
github.com/go-filesystems/uefi/uefi.go:186.2,186.41 1 1
github.com/go-filesystems/uefi/uefi.go:186.41,188.3 1 1
github.com/go-filesystems/uefi/uefi.go:189.2,192.16 3 1
github.com/go-filesystems/uefi/uefi.go:192.16,194.3 1 0
github.com/go-filesystems/uefi/uefi.go:195.2,196.15 2 1
github.com/go-filesystems/uefi/uefi.go:202.37,203.30 1 1
github.com/go-filesystems/uefi/uefi.go:203.30,205.3 1 1
github.com/go-filesystems/uefi/uefi.go:206.2,208.37 3 1
github.com/go-filesystems/uefi/uefi.go:208.37,210.3 1 1
github.com/go-filesystems/uefi/uefi.go:211.2,211.63 1 1
github.com/go-filesystems/uefi/uefi.go:215.31,217.2 1 1
github.com/go-filesystems/uefi/uefi.go:220.35,224.2 3 1
github.com/go-filesystems/uefi/uefi.go:227.63,228.27 1 1
github.com/go-filesystems/uefi/uefi.go:228.27,229.39 1 1
github.com/go-filesystems/uefi/uefi.go:229.39,231.4 1 1
github.com/go-filesystems/uefi/uefi.go:233.2,233.68 1 1
github.com/go-filesystems/uefi/uefi.go:237.39,239.34 2 1
github.com/go-filesystems/uefi/uefi.go:239.34,240.57 1 1
github.com/go-filesystems/uefi/uefi.go:240.57,241.12 1 1
github.com/go-filesystems/uefi/uefi.go:243.3,243.38 1 1
github.com/go-filesystems/uefi/uefi.go:245.2,246.25 2 1
github.com/go-filesystems/uefi/uefi.go:250.54,253.34 3 1
github.com/go-filesystems/uefi/uefi.go:253.34,254.53 1 1
github.com/go-filesystems/uefi/uefi.go:254.53,256.12 2 1
github.com/go-filesystems/uefi/uefi.go:258.3,258.38 1 1
github.com/go-filesystems/uefi/uefi.go:260.2,260.12 1 1
github.com/go-filesystems/uefi/uefi.go:260.12,262.3 1 1
github.com/go-filesystems/uefi/uefi.go:263.2,263.25 1 1
github.com/go-filesystems/uefi/uefi.go:272.46,274.16 2 1
github.com/go-filesystems/uefi/uefi.go:274.16,276.3 1 1
github.com/go-filesystems/uefi/uefi.go:277.2,277.49 1 1
github.com/go-filesystems/uefi/uefi.go:277.49,279.3 1 1
github.com/go-filesystems/uefi/uefi.go:280.2,282.16 3 1
github.com/go-filesystems/uefi/uefi.go:282.16,284.3 1 1
github.com/go-filesystems/uefi/uefi.go:285.2,286.41 2 1
github.com/go-filesystems/uefi/uefi.go:293.90,295.57 2 1
github.com/go-filesystems/uefi/uefi.go:295.57,297.3 1 1
github.com/go-filesystems/uefi/uefi.go:298.2,303.20 4 1
github.com/go-filesystems/uefi/uefi.go:303.20,305.3 1 0
github.com/go-filesystems/uefi/uefi.go:306.2,306.40 1 1
github.com/go-filesystems/uefi/uefi.go:306.40,308.3 1 1
github.com/go-filesystems/uefi/uefi.go:309.2,310.17 2 1
github.com/go-filesystems/uefi/uefi.go:319.97,321.29 2 1
github.com/go-filesystems/uefi/uefi.go:321.29,323.3 1 1
github.com/go-filesystems/uefi/uefi.go:324.2,338.19 4 1
github.com/go-filesystems/uefi/uefi.go:338.19,339.38 1 1
github.com/go-filesystems/uefi/uefi.go:339.38,340.9 1 0
github.com/go-filesystems/uefi/uefi.go:342.3,343.17 2 1
github.com/go-filesystems/uefi/uefi.go:343.17,344.9 1 1
github.com/go-filesystems/uefi/uefi.go:351.3,351.32 1 1
github.com/go-filesystems/uefi/uefi.go:351.32,352.9 1 0
github.com/go-filesystems/uefi/uefi.go:354.3,354.15 1 1
github.com/go-filesystems/uefi/uefi.go:354.15,356.4 1 1
github.com/go-filesystems/uefi/uefi.go:357.3,357.13 1 1
github.com/go-filesystems/uefi/uefi.go:359.2,359.18 1 1
github.com/go-filesystems/uefi/uefi.go:383.95,384.80 1 1
github.com/go-filesystems/uefi/uefi.go:384.80,386.3 1 1
github.com/go-filesystems/uefi/uefi.go:394.2,394.66 1 1
github.com/go-filesystems/uefi/uefi.go:394.66,396.3 1 1
github.com/go-filesystems/uefi/uefi.go:397.2,404.14 6 1
github.com/go-filesystems/uefi/uefi.go:404.14,406.24 2 1
github.com/go-filesystems/uefi/uefi.go:406.24,408.4 1 1
github.com/go-filesystems/uefi/uefi.go:409.3,411.37 3 1
github.com/go-filesystems/uefi/uefi.go:412.8,414.24 2 1
github.com/go-filesystems/uefi/uefi.go:414.24,416.4 1 1
github.com/go-filesystems/uefi/uefi.go:417.3,419.37 3 1
github.com/go-filesystems/uefi/uefi.go:437.2,445.84 5 1
github.com/go-filesystems/uefi/uefi.go:445.84,447.3 1 1
github.com/go-filesystems/uefi/uefi.go:448.2,448.84 1 1
github.com/go-filesystems/uefi/uefi.go:448.84,450.3 1 1
github.com/go-filesystems/uefi/uefi.go:451.2,451.25 1 1
github.com/go-filesystems/uefi/uefi.go:451.25,453.3 1 1
github.com/go-filesystems/uefi/uefi.go:454.2,458.23 4 1
github.com/go-filesystems/uefi/uefi.go:458.23,460.3 1 1
github.com/go-filesystems/uefi/uefi.go:461.2,462.16 2 1
github.com/go-filesystems/uefi/uefi.go:462.16,464.3 1 1
github.com/go-filesystems/uefi/uefi.go:468.2,469.16 2 1
github.com/go-filesystems/uefi/uefi.go:469.16,471.3 1 0
github.com/go-filesystems/uefi/uefi.go:472.2,473.99 2 1
github.com/go-filesystems/uefi/uefi.go:477.59,479.25 2 1
github.com/go-filesystems/uefi/uefi.go:479.25,481.3 1 1
github.com/go-filesystems/uefi/uefi.go:482.2,482.12 1 1
github.com/go-filesystems/uefi/uefi.go:503.55,509.14 5 1
github.com/go-filesystems/uefi/uefi.go:509.14,520.3 8 1
github.com/go-filesystems/uefi/uefi.go:520.8,529.3 8 1
github.com/go-filesystems/uefi/uefi.go:533.2,540.12 7 1
github.com/go-filesystems/uefi/uefi.go:544.31,546.2 1 1
github.com/go-filesystems/uefi/uefi.go:549.32,552.2 2 1
github.com/go-filesystems/uefi/uefi.go:555.46,556.19 1 1
github.com/go-filesystems/uefi/uefi.go:556.19,558.3 1 1
github.com/go-filesystems/uefi/uefi.go:559.2,560.21 2 1
github.com/go-filesystems/uefi/uefi.go:560.21,562.3 1 1
github.com/go-filesystems/uefi/uefi.go:563.2,563.42 1 1
github.com/go-filesystems/uefi/uefi.go:563.42,565.3 1 1
github.com/go-filesystems/uefi/uefi.go:566.2,566.39 1 1
github.com/go-filesystems/uefi/uefi.go:570.37,574.24 4 1
github.com/go-filesystems/uefi/uefi.go:574.24,576.3 1 1
github.com/go-filesystems/uefi/uefi.go:577.2,577.10 1 1
